<?xml version="1.0" encoding="UTF-8"?>
<!-- Generated by org.testng.reporters.JUnitReportReporter -->
<testsuite hostname="DESKTOP-PQ0368B" failures="0" tests="1" name="testRunner.CucumberTestRunner" time="3.618" errors="0" timestamp="2024-10-15T12:38:41 IST" skipped="0">
  <testcase classname="testRunner.CucumberTestRunner" name="runScenario" time="3.618"/>
</testsuite> <!-- testRunner.CucumberTestRunner -->
